  Source.cpp
c:\users\ibm_admin\documents\github\rezolvare_sub\1038_2_062015_chaining\1038_2_062015_chaining\source.cpp(70): warning C4996: 'fopen': This function or variable may be unsafe. Consider using fopen_s instead. To disable deprecation, use _CRT_SECURE_NO_WARNINGS. See online help for details.
  c:\program files (x86)\windows kits\10\include\10.0.10240.0\ucrt\stdio.h(205): note: see declaration of 'fopen'
c:\users\ibm_admin\documents\github\rezolvare_sub\1038_2_062015_chaining\1038_2_062015_chaining\source.cpp(75): warning C4996: 'fscanf': This function or variable may be unsafe. Consider using fscanf_s instead. To disable deprecation, use _CRT_SECURE_NO_WARNINGS. See online help for details.
  c:\program files (x86)\windows kits\10\include\10.0.10240.0\ucrt\stdio.h(1193): note: see declaration of 'fscanf'
c:\users\ibm_admin\documents\github\rezolvare_sub\1038_2_062015_chaining\1038_2_062015_chaining\source.cpp(77): warning C4996: 'strcpy': This function or variable may be unsafe. Consider using strcpy_s instead. To disable deprecation, use _CRT_SECURE_NO_WARNINGS. See online help for details.
  c:\program files (x86)\windows kits\10\include\10.0.10240.0\ucrt\string.h(119): note: see declaration of 'strcpy'
c:\users\ibm_admin\documents\github\rezolvare_sub\1038_2_062015_chaining\1038_2_062015_chaining\source.cpp(78): warning C4996: 'fscanf': This function or variable may be unsafe. Consider using fscanf_s instead. To disable deprecation, use _CRT_SECURE_NO_WARNINGS. See online help for details.
  c:\program files (x86)\windows kits\10\include\10.0.10240.0\ucrt\stdio.h(1193): note: see declaration of 'fscanf'
c:\users\ibm_admin\documents\github\rezolvare_sub\1038_2_062015_chaining\1038_2_062015_chaining\source.cpp(80): warning C4996: 'strcpy': This function or variable may be unsafe. Consider using strcpy_s instead. To disable deprecation, use _CRT_SECURE_NO_WARNINGS. See online help for details.
  c:\program files (x86)\windows kits\10\include\10.0.10240.0\ucrt\string.h(119): note: see declaration of 'strcpy'
c:\users\ibm_admin\documents\github\rezolvare_sub\1038_2_062015_chaining\1038_2_062015_chaining\source.cpp(81): warning C4996: 'fscanf': This function or variable may be unsafe. Consider using fscanf_s instead. To disable deprecation, use _CRT_SECURE_NO_WARNINGS. See online help for details.
  c:\program files (x86)\windows kits\10\include\10.0.10240.0\ucrt\stdio.h(1193): note: see declaration of 'fscanf'
c:\users\ibm_admin\documents\github\rezolvare_sub\1038_2_062015_chaining\1038_2_062015_chaining\source.cpp(83): warning C4996: 'strcpy': This function or variable may be unsafe. Consider using strcpy_s instead. To disable deprecation, use _CRT_SECURE_NO_WARNINGS. See online help for details.
  c:\program files (x86)\windows kits\10\include\10.0.10240.0\ucrt\string.h(119): note: see declaration of 'strcpy'
c:\users\ibm_admin\documents\github\rezolvare_sub\1038_2_062015_chaining\1038_2_062015_chaining\source.cpp(84): warning C4996: 'fscanf': This function or variable may be unsafe. Consider using fscanf_s instead. To disable deprecation, use _CRT_SECURE_NO_WARNINGS. See online help for details.
  c:\program files (x86)\windows kits\10\include\10.0.10240.0\ucrt\stdio.h(1193): note: see declaration of 'fscanf'
c:\users\ibm_admin\documents\github\rezolvare_sub\1038_2_062015_chaining\1038_2_062015_chaining\source.cpp(85): warning C4996: 'fscanf': This function or variable may be unsafe. Consider using fscanf_s instead. To disable deprecation, use _CRT_SECURE_NO_WARNINGS. See online help for details.
  c:\program files (x86)\windows kits\10\include\10.0.10240.0\ucrt\stdio.h(1193): note: see declaration of 'fscanf'
c:\users\ibm_admin\documents\github\rezolvare_sub\1038_2_062015_chaining\1038_2_062015_chaining\source.cpp(116): warning C4996: 'scanf': This function or variable may be unsafe. Consider using scanf_s instead. To disable deprecation, use _CRT_SECURE_NO_WARNINGS. See online help for details.
  c:\program files (x86)\windows kits\10\include\10.0.10240.0\ucrt\stdio.h(1270): note: see declaration of 'scanf'
c:\users\ibm_admin\documents\github\rezolvare_sub\1038_2_062015_chaining\1038_2_062015_chaining\source.cpp(118): warning C4996: 'strcpy': This function or variable may be unsafe. Consider using strcpy_s instead. To disable deprecation, use _CRT_SECURE_NO_WARNINGS. See online help for details.
  c:\program files (x86)\windows kits\10\include\10.0.10240.0\ucrt\string.h(119): note: see declaration of 'strcpy'
c:\users\ibm_admin\documents\github\rezolvare_sub\1038_2_062015_chaining\1038_2_062015_chaining\source.cpp(121): warning C4996: 'fopen': This function or variable may be unsafe. Consider using fopen_s instead. To disable deprecation, use _CRT_SECURE_NO_WARNINGS. See online help for details.
  c:\program files (x86)\windows kits\10\include\10.0.10240.0\ucrt\stdio.h(205): note: see declaration of 'fopen'
  1038_2_062015_chaining.vcxproj -> C:\Users\IBM_ADMIN\Documents\GitHub\Rezolvare_sub\1038_2_062015_chaining\Debug\1038_2_062015_chaining.exe
  1038_2_062015_chaining.vcxproj -> C:\Users\IBM_ADMIN\Documents\GitHub\Rezolvare_sub\1038_2_062015_chaining\Debug\1038_2_062015_chaining.pdb (Full PDB)
