  Source.cpp
c:\users\ibm_admin\documents\github\sdd_proj\sdd_proj\source.cpp(76): warning C4996: 'scanf': This function or variable may be unsafe. Consider using scanf_s instead. To disable deprecation, use _CRT_SECURE_NO_WARNINGS. See online help for details.
  c:\program files (x86)\windows kits\10\include\10.0.10240.0\ucrt\stdio.h(1270): note: see declaration of 'scanf'
c:\users\ibm_admin\documents\github\sdd_proj\sdd_proj\source.cpp(78): warning C4996: 'scanf': This function or variable may be unsafe. Consider using scanf_s instead. To disable deprecation, use _CRT_SECURE_NO_WARNINGS. See online help for details.
  c:\program files (x86)\windows kits\10\include\10.0.10240.0\ucrt\stdio.h(1270): note: see declaration of 'scanf'
c:\users\ibm_admin\documents\github\sdd_proj\sdd_proj\source.cpp(163): warning C4996: 'scanf': This function or variable may be unsafe. Consider using scanf_s instead. To disable deprecation, use _CRT_SECURE_NO_WARNINGS. See online help for details.
  c:\program files (x86)\windows kits\10\include\10.0.10240.0\ucrt\stdio.h(1270): note: see declaration of 'scanf'
c:\users\ibm_admin\documents\github\sdd_proj\sdd_proj\source.cpp(166): warning C4996: 'scanf': This function or variable may be unsafe. Consider using scanf_s instead. To disable deprecation, use _CRT_SECURE_NO_WARNINGS. See online help for details.
  c:\program files (x86)\windows kits\10\include\10.0.10240.0\ucrt\stdio.h(1270): note: see declaration of 'scanf'
c:\users\ibm_admin\documents\github\sdd_proj\sdd_proj\source.cpp(168): warning C4996: 'strcpy': This function or variable may be unsafe. Consider using strcpy_s instead. To disable deprecation, use _CRT_SECURE_NO_WARNINGS. See online help for details.
  c:\program files (x86)\windows kits\10\include\10.0.10240.0\ucrt\string.h(119): note: see declaration of 'strcpy'
c:\users\ibm_admin\documents\github\sdd_proj\sdd_proj\source.cpp(170): warning C4996: 'fopen': This function or variable may be unsafe. Consider using fopen_s instead. To disable deprecation, use _CRT_SECURE_NO_WARNINGS. See online help for details.
  c:\program files (x86)\windows kits\10\include\10.0.10240.0\ucrt\stdio.h(205): note: see declaration of 'fopen'
c:\users\ibm_admin\documents\github\sdd_proj\sdd_proj\source.cpp(194): warning C4996: 'strcpy': This function or variable may be unsafe. Consider using strcpy_s instead. To disable deprecation, use _CRT_SECURE_NO_WARNINGS. See online help for details.
  c:\program files (x86)\windows kits\10\include\10.0.10240.0\ucrt\string.h(119): note: see declaration of 'strcpy'
c:\users\ibm_admin\documents\github\sdd_proj\sdd_proj\source.cpp(244): warning C4996: 'scanf': This function or variable may be unsafe. Consider using scanf_s instead. To disable deprecation, use _CRT_SECURE_NO_WARNINGS. See online help for details.
  c:\program files (x86)\windows kits\10\include\10.0.10240.0\ucrt\stdio.h(1270): note: see declaration of 'scanf'
c:\users\ibm_admin\documents\github\sdd_proj\sdd_proj\source.cpp(286): warning C4551: function call missing argument list
c:\users\ibm_admin\documents\github\sdd_proj\sdd_proj\source.cpp(301): warning C4996: 'scanf': This function or variable may be unsafe. Consider using scanf_s instead. To disable deprecation, use _CRT_SECURE_NO_WARNINGS. See online help for details.
  c:\program files (x86)\windows kits\10\include\10.0.10240.0\ucrt\stdio.h(1270): note: see declaration of 'scanf'
c:\users\ibm_admin\documents\github\sdd_proj\sdd_proj\source.cpp(314): warning C4996: 'scanf': This function or variable may be unsafe. Consider using scanf_s instead. To disable deprecation, use _CRT_SECURE_NO_WARNINGS. See online help for details.
  c:\program files (x86)\windows kits\10\include\10.0.10240.0\ucrt\stdio.h(1270): note: see declaration of 'scanf'
c:\users\ibm_admin\documents\github\sdd_proj\sdd_proj\source.cpp(355): warning C4996: 'scanf': This function or variable may be unsafe. Consider using scanf_s instead. To disable deprecation, use _CRT_SECURE_NO_WARNINGS. See online help for details.
  c:\program files (x86)\windows kits\10\include\10.0.10240.0\ucrt\stdio.h(1270): note: see declaration of 'scanf'
c:\users\ibm_admin\documents\github\sdd_proj\sdd_proj\source.cpp(366): warning C4996: 'scanf': This function or variable may be unsafe. Consider using scanf_s instead. To disable deprecation, use _CRT_SECURE_NO_WARNINGS. See online help for details.
  c:\program files (x86)\windows kits\10\include\10.0.10240.0\ucrt\stdio.h(1270): note: see declaration of 'scanf'
c:\users\ibm_admin\documents\github\sdd_proj\sdd_proj\source.cpp(370): warning C4996: 'itoa': The POSIX name for this item is deprecated. Instead, use the ISO C and C++ conformant name: _itoa. See online help for details.
  c:\program files (x86)\windows kits\10\include\10.0.10240.0\ucrt\stdlib.h(1316): note: see declaration of 'itoa'
c:\users\ibm_admin\documents\github\sdd_proj\sdd_proj\source.cpp(371): warning C4996: 'strcat': This function or variable may be unsafe. Consider using strcat_s instead. To disable deprecation, use _CRT_SECURE_NO_WARNINGS. See online help for details.
  c:\program files (x86)\windows kits\10\include\10.0.10240.0\ucrt\string.h(90): note: see declaration of 'strcat'
c:\users\ibm_admin\documents\github\sdd_proj\sdd_proj\source.cpp(372): warning C4996: 'strcat': This function or variable may be unsafe. Consider using strcat_s instead. To disable deprecation, use _CRT_SECURE_NO_WARNINGS. See online help for details.
  c:\program files (x86)\windows kits\10\include\10.0.10240.0\ucrt\string.h(90): note: see declaration of 'strcat'
c:\users\ibm_admin\documents\github\sdd_proj\sdd_proj\source.cpp(378): warning C4996: 'strcpy': This function or variable may be unsafe. Consider using strcpy_s instead. To disable deprecation, use _CRT_SECURE_NO_WARNINGS. See online help for details.
  c:\program files (x86)\windows kits\10\include\10.0.10240.0\ucrt\string.h(119): note: see declaration of 'strcpy'
c:\users\ibm_admin\documents\github\sdd_proj\sdd_proj\source.cpp(381): warning C4996: 'scanf': This function or variable may be unsafe. Consider using scanf_s instead. To disable deprecation, use _CRT_SECURE_NO_WARNINGS. See online help for details.
  c:\program files (x86)\windows kits\10\include\10.0.10240.0\ucrt\stdio.h(1270): note: see declaration of 'scanf'
c:\users\ibm_admin\documents\github\sdd_proj\sdd_proj\source.cpp(384): warning C4996: 'scanf': This function or variable may be unsafe. Consider using scanf_s instead. To disable deprecation, use _CRT_SECURE_NO_WARNINGS. See online help for details.
  c:\program files (x86)\windows kits\10\include\10.0.10240.0\ucrt\stdio.h(1270): note: see declaration of 'scanf'
c:\users\ibm_admin\documents\github\sdd_proj\sdd_proj\source.cpp(386): warning C4996: 'strcpy': This function or variable may be unsafe. Consider using strcpy_s instead. To disable deprecation, use _CRT_SECURE_NO_WARNINGS. See online help for details.
  c:\program files (x86)\windows kits\10\include\10.0.10240.0\ucrt\string.h(119): note: see declaration of 'strcpy'
c:\users\ibm_admin\documents\github\sdd_proj\sdd_proj\source.cpp(409): warning C4473: 'scanf' : not enough arguments passed for format string
  c:\users\ibm_admin\documents\github\sdd_proj\sdd_proj\source.cpp(409): note: placeholders and their parameters expect 1 variadic arguments, but 0 were provided
  c:\users\ibm_admin\documents\github\sdd_proj\sdd_proj\source.cpp(409): note: the missing variadic argument 1 is required by format string '%d'
c:\users\ibm_admin\documents\github\sdd_proj\sdd_proj\source.cpp(409): warning C4996: 'scanf': This function or variable may be unsafe. Consider using scanf_s instead. To disable deprecation, use _CRT_SECURE_NO_WARNINGS. See online help for details.
  c:\program files (x86)\windows kits\10\include\10.0.10240.0\ucrt\stdio.h(1270): note: see declaration of 'scanf'
c:\users\ibm_admin\documents\github\sdd_proj\sdd_proj\source.cpp(413): warning C4473: 'scanf' : not enough arguments passed for format string
  c:\users\ibm_admin\documents\github\sdd_proj\sdd_proj\source.cpp(413): note: placeholders and their parameters expect 1 variadic arguments, but 0 were provided
  c:\users\ibm_admin\documents\github\sdd_proj\sdd_proj\source.cpp(413): note: the missing variadic argument 1 is required by format string '%d'
c:\users\ibm_admin\documents\github\sdd_proj\sdd_proj\source.cpp(413): warning C4996: 'scanf': This function or variable may be unsafe. Consider using scanf_s instead. To disable deprecation, use _CRT_SECURE_NO_WARNINGS. See online help for details.
  c:\program files (x86)\windows kits\10\include\10.0.10240.0\ucrt\stdio.h(1270): note: see declaration of 'scanf'
c:\users\ibm_admin\documents\github\sdd_proj\sdd_proj\source.cpp(422): warning C4473: 'scanf' : not enough arguments passed for format string
  c:\users\ibm_admin\documents\github\sdd_proj\sdd_proj\source.cpp(422): note: placeholders and their parameters expect 1 variadic arguments, but 0 were provided
  c:\users\ibm_admin\documents\github\sdd_proj\sdd_proj\source.cpp(422): note: the missing variadic argument 1 is required by format string '%d'
c:\users\ibm_admin\documents\github\sdd_proj\sdd_proj\source.cpp(422): warning C4996: 'scanf': This function or variable may be unsafe. Consider using scanf_s instead. To disable deprecation, use _CRT_SECURE_NO_WARNINGS. See online help for details.
  c:\program files (x86)\windows kits\10\include\10.0.10240.0\ucrt\stdio.h(1270): note: see declaration of 'scanf'
c:\users\ibm_admin\documents\github\sdd_proj\sdd_proj\source.cpp(455): warning C4996: 'scanf': This function or variable may be unsafe. Consider using scanf_s instead. To disable deprecation, use _CRT_SECURE_NO_WARNINGS. See online help for details.
  c:\program files (x86)\windows kits\10\include\10.0.10240.0\ucrt\stdio.h(1270): note: see declaration of 'scanf'
c:\users\ibm_admin\documents\github\sdd_proj\sdd_proj\source.cpp(464): warning C4996: 'scanf': This function or variable may be unsafe. Consider using scanf_s instead. To disable deprecation, use _CRT_SECURE_NO_WARNINGS. See online help for details.
  c:\program files (x86)\windows kits\10\include\10.0.10240.0\ucrt\stdio.h(1270): note: see declaration of 'scanf'
c:\users\ibm_admin\documents\github\sdd_proj\sdd_proj\source.cpp(42): warning C4715: 'checkPrinterDuplicateID': not all control paths return a value
c:\users\ibm_admin\documents\github\sdd_proj\sdd_proj\source.cpp(236): warning C4715: 'searchABCNode': not all control paths return a value
  sdd_proj.vcxproj -> C:\Users\IBM_ADMIN\Documents\GitHub\sdd_proj\Debug\sdd_proj.exe
  sdd_proj.vcxproj -> C:\Users\IBM_ADMIN\Documents\GitHub\sdd_proj\Debug\sdd_proj.pdb (Full PDB)
